  1:47 InitGame: \sv_floodProtect\1\sv_maxPing\0\sv_minPing\0\sv_maxRate\10000\sv_minRate\0\sv_hostname\Code Miner Server\g_gametype\0\sv_privateClients\2\sv_maxclients\16\sv_allowDownload\0\bot_minplayers\0\dmflags\0\fraglimit\20\timelimit\15\g_maxGameClients\0\capturelimit\8\version\ioq3 1.36 linux-x86_64 Apr 12 2009\protocol\68\mapname\q3dm17\gamename\baseq3\g_needpass\0
  2:11 Kill: 2 4 6: Dono da Bola killed Zeh by MOD_ROCKET
  2:22 Kill: 3 2 10: Isgalamido killed Dono da Bola by MOD_RAILGUN
  2:29 Kill: 3 4 10: Isgalamido killed Zeh by MOD_RAILGUN
  2:37 Kill: 3 2 10: Isgalamido killed Dono da Bola by MOD_RAILGUN
  2:43 Kill: 3 4 10: Isgalamido killed Zeh by MOD_RAILGUN
  2:57 Kill: 3 4 10: Isgalamido killed Zeh by MOD_RAILGUN
  3:12 Kill: 2 4 6: Dono da Bola killed Zeh by MOD_ROCKET
  3:13 Kill: 3 2 6: Isgalamido killed Dono da Bola by MOD_ROCKET
  3:29 Kill: 4 2 6: Zeh killed Dono da Bola by MOD_ROCKET
  3:32 Kill: 3 4 6: Isgalamido killed Zeh by MOD_ROCKET
  3:37 Kill: 3 4 7: Isgalamido killed Zeh by MOD_ROCKET_SPLASH
  3:41 Kill: 2 3 6: Dono da Bola killed Isgalamido by MOD_ROCKET
  3:59 Kill: 4 5 6: Zeh killed Assasinu Credi by MOD_ROCKET
  4:00 Kill: 4 2 6: Zeh killed Dono da Bola by MOD_ROCKET
  4:08 Kill: 4 3 7: Zeh killed Isgalamido by MOD_ROCKET_SPLASH
  4:21 Kill: 4 2 7: Zeh killed Dono da Bola by MOD_ROCKET_SPLASH
  4:22 Kill: 3 4 7: Isgalamido killed Zeh by MOD_ROCKET_SPLASH
  4:37 Kill: 3 5 3: Isgalamido killed Assasinu Credi by MOD_MACHINEGUN
  4:40 Kill: 3 4 3: Isgalamido killed Zeh by MOD_MACHINEGUN
  4:48 Kill: 2 3 6: Dono da Bola killed Isgalamido by MOD_ROCKET
  4:54 Kill: 2 2 7: Dono da Bola killed Dono da Bola by MOD_ROCKET_SPLASH
  5:00 Kill: 4 3 7: Zeh killed Isgalamido by MOD_ROCKET_SPLASH
  5:11 Kill: 4 5 6: Zeh killed Assasinu Credi by MOD_ROCKET
  5:11 Kill: 4 3 7: Zeh killed Isgalamido by MOD_ROCKET_SPLASH
  5:11 Kill: 5 4 7: Assasinu Credi killed Zeh by MOD_ROCKET_SPLASH
  5:26 Kill: 4 2 7: Zeh killed Dono da Bola by MOD_ROCKET_SPLASH
  5:29 Kill: 4 5 7: Zeh killed Assasinu Credi by MOD_ROCKET_SPLASH
  5:34 Kill: 3 2 7: Isgalamido killed Dono da Bola by MOD_ROCKET_SPLASH
  5:43 Kill: 5 4 7: Assasinu Credi killed Zeh by MOD_ROCKET_SPLASH
  5:52 Kill: 5 2 7: Assasinu Credi killed Dono da Bola by MOD_ROCKET_SPLASH
  5:56 Kill: 5 3 7: Assasinu Credi killed Isgalamido by MOD_ROCKET_SPLASH
  6:06 Kill: 2 3 6: Dono da Bola killed Isgalamido by MOD_ROCKET
  6:08 Kill: 4 5 7: Zeh killed Assasinu Credi by MOD_ROCKET_SPLASH
  6:28 Kill: 4 5 7: Zeh killed Assasinu Credi by MOD_ROCKET_SPLASH
  6:28 Kill: 5 4 7: Assasinu Credi killed Zeh by MOD_ROCKET_SPLASH
  6:34 Kill: 2 3 7: Dono da Bola killed Isgalamido by MOD_ROCKET_SPLASH
  6:35 Kill: 2 4 6: Dono da Bola killed Zeh by MOD_ROCKET
  6:35 Kill: 2 2 7: Dono da Bola killed Dono da Bola by MOD_ROCKET_SPLASH
  6:46 Kill: 5 3 7: Assasinu Credi killed Isgalamido by MOD_ROCKET_SPLASH
  7:03 Kill: 4 2 6: Zeh killed Dono da Bola by MOD_ROCKET
  7:12 Kill: 2 5 7: Dono da Bola killed Assasinu Credi by MOD_ROCKET_SPLASH
  7:12 Kill: 4 2 7: Zeh killed Dono da Bola by MOD_ROCKET_SPLASH
  7:21 Kill: 2 2 7: Dono da Bola killed Dono da Bola by MOD_ROCKET_SPLASH
  7:23 Kill: 4 3 7: Zeh killed Isgalamido by MOD_ROCKET_SPLASH
  7:29 Kill: 2 5 7: Dono da Bola killed Assasinu Credi by MOD_ROCKET_SPLASH
  7:44 Kill: 5 2 6: Assasinu Credi killed Dono da Bola by MOD_ROCKET
  7:53 Kill: 5 4 7: Assasinu Credi killed Zeh by MOD_ROCKET_SPLASH
  7:53 Kill: 3 5 6: Isgalamido killed Assasinu Credi by MOD_ROCKET
  8:04 Kill: 2 5 7: Dono da Bola killed Assasinu Credi by MOD_ROCKET_SPLASH
  8:08 Kill: 2 5 7: Dono da Bola killed Assasinu Credi by MOD_ROCKET_SPLASH
  8:11 Kill: 4 3 7: Zeh killed Isgalamido by MOD_ROCKET_SPLASH
  8:11 Kill: 2 2 7: Dono da Bola killed Dono da Bola by MOD_ROCKET_SPLASH
  8:24 Kill: 3 4 10: Isgalamido killed Zeh by MOD_RAILGUN
  8:31 Kill: 3 5 10: Isgalamido killed Assasinu Credi by MOD_RAILGUN
  8:35 Kill: 4 3 1: Zeh killed Isgalamido by MOD_SHOTGUN
  8:39 Kill: 2 4 7: Dono da Bola killed Zeh by MOD_ROCKET_SPLASH
  8:46 Kill: 4 5 7: Zeh killed Assasinu Credi by MOD_ROCKET_SPLASH
  8:49 Kill: 3 2 7: Isgalamido killed Dono da Bola by MOD_ROCKET_SPLASH
  9:01 Kill: 4 5 6: Zeh killed Assasinu Credi by MOD_ROCKET
  9:05 Kill: 4 5 7: Zeh killed Assasinu Credi by MOD_ROCKET_SPLASH
  9:10 Kill: 3 4 7: Isgalamido killed Zeh by MOD_ROCKET_SPLASH
  9:20 Kill: 3 2 3: Isgalamido killed Dono da Bola by MOD_MACHINEGUN
  9:20 Kill: 5 4 7: Assasinu Credi killed Zeh by MOD_ROCKET_SPLASH
  9:25 Kill: 3 2 1: Isgalamido killed Dono da Bola by MOD_SHOTGUN
  9:25 Kill: 5 3 7: Assasinu Credi killed Isgalamido by MOD_ROCKET_SPLASH
  9:25 Kill: 2 5 6: Dono da Bola killed Assasinu Credi by MOD_ROCKET
  9:36 Kill: 2 4 6: Dono da Bola killed Zeh by MOD_ROCKET
  9:47 Kill: 5 2 7: Assasinu Credi killed Dono da Bola by MOD_ROCKET_SPLASH
  9:52 Kill: 5 4 7: Assasinu Credi killed Zeh by MOD_ROCKET_SPLASH
  9:53 Kill: 3 5 7: Isgalamido killed Assasinu Credi by MOD_ROCKET_SPLASH
  9:58 Kill: 3 2 6: Isgalamido killed Dono da Bola by MOD_ROCKET
 10:09 Kill: 5 3 7: Assasinu Credi killed Isgalamido by MOD_ROCKET_SPLASH
 10:19 Kill: 3 4 7: Isgalamido killed Zeh by MOD_ROCKET_SPLASH
 10:24 Kill: 3 5 7: Isgalamido killed Assasinu Credi by MOD_ROCKET_SPLASH
 10:29 Kill: 3 4 3: Isgalamido killed Zeh by MOD_MACHINEGUN
 10:42 Kill: 2 4 10: Dono da Bola killed Zeh by MOD_RAILGUN
 10:57 Kill: 3 4 7: Isgalamido killed Zeh by MOD_ROCKET_SPLASH
 11:00 Kill: 5 2 7: Assasinu Credi killed Dono da Bola by MOD_ROCKET_SPLASH
  11:17 Kill: 2 5 7: Dono da Bola killed Assasinu Credi by MOD_ROCKET_SPLASH
 11:26 Kill: 5 4 7: Assasinu Credi killed Zeh by MOD_ROCKET_SPLASH
 11:30 Kill: 5 5 7: Assasinu Credi killed Assasinu Credi by MOD_ROCKET_SPLASH
 11:30 Kill: 3 2 7: Isgalamido killed Dono da Bola by MOD_ROCKET_SPLASH
 11:47 Kill: 4 2 7: Zeh killed Dono da Bola by MOD_ROCKET_SPLASH
 11:47 Kill: 3 5 6: Isgalamido killed Assasinu Credi by MOD_ROCKET
 11:57 Kill: 4 3 7: Zeh killed Isgalamido by MOD_ROCKET_SPLASH