  1:47 InitGame: \sv_floodProtect\1\
  2:00 Kill: 1022 3 22: <world> killed Isgalamido by MOD_TRIGGER_HURT
  2:04 Kill: 1022 2 19: <world> killed Dono da Bola by MOD_FALLING
  2:04 Kill: 1022 3 19: <world> killed Isgalamido by MOD_FALLING
  3:27 Kill: 1022 3 22: <world> killed Isgalamido by MOD_TRIGGER_HURT
  3:51 Kill: 1022 2 19: <world> killed Dono da Bola by MOD_FALLING
  4:11 Kill: 1022 5 19: <world> killed Assasinu Credi by MOD_FALLING
  4:16 Kill: 1022 3 22: <world> killed Isgalamido by MOD_TRIGGER_HURT
  5:24 Kill: 1022 3 19: <world> killed Isgalamido by MOD_FALLING
  5:38 Kill: 1022 3 19: <world> killed Isgalamido by MOD_FALLING
  6:08 Kill: 1022 2 22: <world> killed Dono da Bola by MOD_TRIGGER_HURT
  6:24 Kill: 1022 2 22: <world> killed Dono da Bola by MOD_TRIGGER_HURT
  6:50 Kill: 1022 2 22: <world> killed Dono da Bola by MOD_TRIGGER_HURT
  7:02 Kill: 1022 3 22: <world> killed Isgalamido by MOD_TRIGGER_HURT
  7:30 Kill: 1022 2 19: <world> killed Dono da Bola by MOD_FALLING
  7:37 Kill: 1022 4 19: <world> killed Zeh by MOD_FALLING
  9:10 Kill: 1022 2 19: <world> killed Dono da Bola by MOD_FALLING
 10:41 Kill: 1022 5 22: <world> killed Assasinu Credi by MOD_TRIGGER_HURT
 11:16 Kill: 1022 3 19: <world> killed Isgalamido by MOD_FALLING
 11:37 Kill: 1022 4 22: <world> killed Zeh by MOD_TRIGGER_HURT
 11:40 Kill: 1022 5 19: <world> killed Assasinu Credi by MOD_FALLING
